app/build/outputs/logs/manifest-merger-debug-report.txt
-- Merging decision tree log ---
manifest
ADDED from src/main/AndroidManifest.xml:1:1-34:12
	package
		ADDED from src/main/AndroidManifest.xml:2:5-43
		INJECTED from src/main/AndroidManifest.xml
		INJECTED from src/main/AndroidManifest.xml
	android:versionName
		ADDED from src/main/AndroidManifest.xml:4:5-30
		INJECTED from src/main/AndroidManifest.xml
		INJECTED from src/main/AndroidManifest.xml
	android:versionCode
		ADDED from src/main/AndroidManifest.xml:3:5-28
		INJECTED from src/main/AndroidManifest.xml
		INJECTED from src/main/AndroidManifest.xml
	xmlns:android
		ADDED from src/main/AndroidManifest.xml:1:11-69
uses-sdk
ADDED from src/main/AndroidManifest.xml:6:5-74
	android:targetSdkVersion
		ADDED from src/main/AndroidManifest.xml:6:42-71
		INJECTED from src/main/AndroidManifest.xml
		INJECTED from src/main/AndroidManifest.xml
	android:minSdkVersion
		ADDED from src/main/AndroidManifest.xml:6:15-41
		INJECTED from src/main/AndroidManifest.xml
		INJECTED from src/main/AndroidManifest.xml
uses-permission#android.permission.INTERNET
ADDED from src/main/AndroidManifest.xml:8:5-66
	android:name
		ADDED from src/main/AndroidManifest.xml:8:22-64
uses-permission#android.permission.RECEIVE_BOOT_COMPLETED
ADDED from src/main/AndroidManifest.xml:9:5-81
	android:name
		ADDED from src/main/AndroidManifest.xml:9:22-78
uses-permission#android.permission.POWER
ADDED from src/main/AndroidManifest.xml:10:5-64
	android:name
		ADDED from src/main/AndroidManifest.xml:10:22-61
uses-permission#android.permission.WAKE_LOCK
ADDED from src/main/AndroidManifest.xml:11:5-68
	android:name
		ADDED from src/main/AndroidManifest.xml:11:22-65
uses-permission#android.permission.DISABLE_KEYGUARD
ADDED from src/main/AndroidManifest.xml:12:5-75
	android:name
		ADDED from src/main/AndroidManifest.xml:12:22-72
uses-permission#android.permission.CAMERA
ADDED from src/main/AndroidManifest.xml:13:5-65
	android:name
		ADDED from src/main/AndroidManifest.xml:13:22-62
uses-permission#android.permission.WRITE_EXTERNAL_STORAGE
ADDED from src/main/AndroidManifest.xml:14:2-78
	android:name
		ADDED from src/main/AndroidManifest.xml:14:19-75
uses-permission#android.permission.VIBRATE
ADDED from src/main/AndroidManifest.xml:15:2-63
	android:name
		ADDED from src/main/AndroidManifest.xml:15:19-60
uses-permission#android.permission.FLASHLIGHT
ADDED from src/main/AndroidManifest.xml:16:2-66
	android:name
		ADDED from src/main/AndroidManifest.xml:16:19-63
uses-feature#android.hardware.camera
ADDED from src/main/AndroidManifest.xml:17:2-57
	android:name
		ADDED from src/main/AndroidManifest.xml:17:16-54
uses-feature#android.hardware.camera.autofocus
ADDED from src/main/AndroidManifest.xml:18:2-67
	android:name
		ADDED from src/main/AndroidManifest.xml:18:16-64
application
ADDED from src/main/AndroidManifest.xml:20:5-32:16
	android:label
		ADDED from src/main/AndroidManifest.xml:20:82-114
	android:allowBackup
		ADDED from src/main/AndroidManifest.xml:20:18-44
	android:icon
		ADDED from src/main/AndroidManifest.xml:20:45-81
activity#it.furtmeier.openwawiandroid.OpenWaWiAndroid
ADDED from src/main/AndroidManifest.xml:21:9-26:20
	android:label
		ADDED from src/main/AndroidManifest.xml:21:79-111
	android:configChanges
		ADDED from src/main/AndroidManifest.xml:21:112-220
	android:alwaysRetainTaskState
		ADDED from src/main/AndroidManifest.xml:21:221-257
	android:name
		ADDED from src/main/AndroidManifest.xml:21:19-78
intent-filter#android.intent.action.MAIN+android.intent.category.LAUNCHER
ADDED from src/main/AndroidManifest.xml:22:13-25:29
action#android.intent.action.MAIN
ADDED from src/main/AndroidManifest.xml:23:17-69
	android:name
		ADDED from src/main/AndroidManifest.xml:23:25-66
category#android.intent.category.LAUNCHER
ADDED from src/main/AndroidManifest.xml:24:17-77
	android:name
		ADDED from src/main/AndroidManifest.xml:24:27-74
activity#jim.h.common.android.lib.zxing.CaptureActivity
ADDED from src/main/AndroidManifest.xml:28:6-31:54
	android:screenOrientation
		ADDED from src/main/AndroidManifest.xml:29:4-41
	android:windowSoftInputMode
		ADDED from src/main/AndroidManifest.xml:31:4-51
	android:configChanges
		ADDED from src/main/AndroidManifest.xml:29:42-92
	android:theme
		ADDED from src/main/AndroidManifest.xml:30:4-62
	android:name
		ADDED from src/main/AndroidManifest.xml:28:16-77